<?xml version="1.0" encoding="UTF-8"?>
<testsuite xmlns:xsi="http://www.w3.org/2001/XMLSchema-instance" xsi:noNamespaceSchemaLocation="https://maven.apache.org/surefire/maven-surefire-plugin/xsd/surefire-test-report-3.0.xsd" version="3.0" name="com.j2gsoft.tdd.FizzBuzzTest" time="0.557" tests="167" errors="0" skipped="0" failures="0">
  <properties>
    <property name="sun.desktop" value="windows"/>
    <property name="awt.toolkit" value="sun.awt.windows.WToolkit"/>
    <property name="java.specification.version" value="12"/>
    <property name="sun.cpu.isalist" value="amd64"/>
    <property name="sun.jnu.encoding" value="Cp1252"/>
    <property name="java.class.path" value="D:\Udemy\Junit\spring-boot-unit-testing\target\test-classes;D:\Udemy\Junit\spring-boot-unit-testing\target\classes;C:\Users\MR. Jeff\.m2\repository\org\junit\jupiter\junit-jupiter\5.9.2\junit-jupiter-5.9.2.jar;C:\Users\MR. Jeff\.m2\repository\org\junit\jupiter\junit-jupiter-api\5.9.2\junit-jupiter-api-5.9.2.jar;C:\Users\MR. Jeff\.m2\repository\org\opentest4j\opentest4j\1.2.0\opentest4j-1.2.0.jar;C:\Users\MR. Jeff\.m2\repository\org\junit\platform\junit-platform-commons\1.9.2\junit-platform-commons-1.9.2.jar;C:\Users\MR. Jeff\.m2\repository\org\apiguardian\apiguardian-api\1.1.2\apiguardian-api-1.1.2.jar;C:\Users\MR. Jeff\.m2\repository\org\junit\jupiter\junit-jupiter-params\5.9.2\junit-jupiter-params-5.9.2.jar;C:\Users\MR. Jeff\.m2\repository\org\junit\jupiter\junit-jupiter-engine\5.9.2\junit-jupiter-engine-5.9.2.jar;C:\Users\MR. Jeff\.m2\repository\org\junit\platform\junit-platform-engine\1.9.2\junit-platform-engine-1.9.2.jar;"/>
    <property name="java.vm.vendor" value="Oracle Corporation"/>
    <property name="sun.arch.data.model" value="64"/>
    <property name="user.variant" value=""/>
    <property name="java.vendor.url" value="https://java.oracle.com/"/>
    <property name="user.timezone" value="Europe/Madrid"/>
    <property name="user.country.format" value="ES"/>
    <property name="os.name" value="Windows 10"/>
    <property name="java.vm.specification.version" value="12"/>
    <property name="sun.java.launcher" value="SUN_STANDARD"/>
    <property name="user.country" value="US"/>
    <property name="sun.boot.library.path" value="C:\Program Files\Java\jdk-12.0.2\bin"/>
    <property name="sun.java.command" value="C:\Users\MR. Jeff\AppData\Local\Temp\surefire57847200506100976\surefirebooter2676233653422310490.jar C:\Users\MR. Jeff\AppData\Local\Temp\surefire57847200506100976 2023-03-11T16-51-06_542-jvmRun1 surefire15782310837378446189tmp surefire_09214640089199293878tmp"/>
    <property name="jdk.debug" value="release"/>
    <property name="surefire.test.class.path" value="D:\Udemy\Junit\spring-boot-unit-testing\target\test-classes;D:\Udemy\Junit\spring-boot-unit-testing\target\classes;C:\Users\MR. Jeff\.m2\repository\org\junit\jupiter\junit-jupiter\5.9.2\junit-jupiter-5.9.2.jar;C:\Users\MR. Jeff\.m2\repository\org\junit\jupiter\junit-jupiter-api\5.9.2\junit-jupiter-api-5.9.2.jar;C:\Users\MR. Jeff\.m2\repository\org\opentest4j\opentest4j\1.2.0\opentest4j-1.2.0.jar;C:\Users\MR. Jeff\.m2\repository\org\junit\platform\junit-platform-commons\1.9.2\junit-platform-commons-1.9.2.jar;C:\Users\MR. Jeff\.m2\repository\org\apiguardian\apiguardian-api\1.1.2\apiguardian-api-1.1.2.jar;C:\Users\MR. Jeff\.m2\repository\org\junit\jupiter\junit-jupiter-params\5.9.2\junit-jupiter-params-5.9.2.jar;C:\Users\MR. Jeff\.m2\repository\org\junit\jupiter\junit-jupiter-engine\5.9.2\junit-jupiter-engine-5.9.2.jar;C:\Users\MR. Jeff\.m2\repository\org\junit\platform\junit-platform-engine\1.9.2\junit-platform-engine-1.9.2.jar;"/>
    <property name="sun.cpu.endian" value="little"/>
    <property name="user.home" value="C:\Users\MR. Jeff"/>
    <property name="user.language" value="en"/>
    <property name="java.specification.vendor" value="Oracle Corporation"/>
    <property name="java.version.date" value="2019-07-16"/>
    <property name="java.home" value="C:\Program Files\Java\jdk-12.0.2"/>
    <property name="file.separator" value="\"/>
    <property name="basedir" value="D:\Udemy\Junit\spring-boot-unit-testing"/>
    <property name="java.vm.compressedOopsMode" value="Zero based"/>
    <property name="line.separator" value="&#10;"/>
    <property name="java.vm.specification.vendor" value="Oracle Corporation"/>
    <property name="java.specification.name" value="Java Platform API Specification"/>
    <property name="java.awt.graphicsenv" value="sun.awt.Win32GraphicsEnvironment"/>
    <property name="surefire.real.class.path" value="C:\Users\MR. Jeff\AppData\Local\Temp\surefire57847200506100976\surefirebooter2676233653422310490.jar"/>
    <property name="user.script" value=""/>
    <property name="sun.management.compiler" value="HotSpot 64-Bit Tiered Compilers"/>
    <property name="java.runtime.version" value="12.0.2+10"/>
    <property name="user.name" value="J2Gsoft"/>
    <property name="path.separator" value=";"/>
    <property name="os.version" value="10.0"/>
    <property name="java.runtime.name" value="Java(TM) SE Runtime Environment"/>
    <property name="file.encoding" value="Cp1252"/>
    <property name="java.vm.name" value="Java HotSpot(TM) 64-Bit Server VM"/>
    <property name="localRepository" value="C:\Users\MR. Jeff\.m2\repository"/>
    <property name="java.vendor.url.bug" value="https://bugreport.java.com/bugreport/"/>
    <property name="java.io.tmpdir" value="C:\Users\MRD905~1.JEF\AppData\Local\Temp\"/>
    <property name="java.version" value="12.0.2"/>
    <property name="user.dir" value="D:\Udemy\Junit\spring-boot-unit-testing"/>
    <property name="os.arch" value="amd64"/>
    <property name="java.vm.specification.name" value="Java Virtual Machine Specification"/>
    <property name="user.language.format" value="es"/>
    <property name="sun.os.patch.level" value=""/>
    <property name="java.library.path" value="C:\Program Files\Java\jdk-12.0.2\bin;C:\WINDOWS\Sun\Java\bin;C:\WINDOWS\system32;C:\WINDOWS;C:\Program Files (x86)\Rockwell Software\RSCommon;C:\Program Files (x86)\Intel\iCLS Client\;C:\Program Files\Intel\iCLS Client\;C:\Program Files (x86)\Lenovo\FusionEngine;C:\Windows\system32;C:\Windows;C:\Windows\System32\Wbem;C:\Windows\System32\WindowsPowerShell\v1.0\;C:\Program Files (x86)\Common Files\lenovo\easyplussdk\bin;C:\Program Files (x86)\NVIDIA Corporation\PhysX\Common;C:\Program Files (x86)\Intel\Intel(R) Management Engine Components\DAL;C:\Program Files\Intel\Intel(R) Management Engine Components\DAL;C:\Program Files (x86)\Intel\Intel(R) Management Engine Components\IPT;C:\Program Files\Intel\Intel(R) Management Engine Components\IPT;C:\Program Files\Intel\WiFi\bin\;C:\Program Files\Common Files\Intel\WirelessCommon\;C:\WINDOWS\system32;C:\WINDOWS;C:\WINDOWS\System32\Wbem;C:\Program Files\Java\jdk-12.0.2\bin;C:\WINDOWS\System32\WindowsPowerShell\v1.0\;C:\Program Files\Git\cmd;C:\Program Files (x86)\Yarn\bin;C:\WINDOWS\System32\OpenSSH\;C:\Program Files\Maven\apache-maven-3.6.3\bin;C:\Program Files\nodejs\;C:\Program Files\Microsoft SQL Server\Client SDK\ODBC\170\Tools\Binn\;C:\Program Files (x86)\Microsoft SQL Server\150\Tools\Binn\;C:\Program Files\Microsoft SQL Server\150\Tools\Binn\;C:\Program Files\Microsoft SQL Server\150\DTS\Binn\;C:\Program Files\Microsoft SQL Server\130\Tools\Binn\;C:\Program Files\Amazon\AWSCLIV2\;D:\Udemy\zipkin\rabiitinstall\rabbitmq_server-3.8.19\sbin;C:\Program Files\dotnet\;C:\Program Files\MySQL\MySQL Shell 8.0\bin\;C:\Users\MR. Jeff\AppData\Local\Microsoft\WindowsApps;C:\Users\MR. Jeff\AppData\Local\Yarn\bin;C:\Program Files\JetBrains\IntelliJ IDEA 2021.1.2\bin;;C:\Program Files\Maven\apache-maven-3.6.3\bin;C:\Users\MR. Jeff\AppData\Roaming\npm;C:\Program Files\JetBrains\WebStorm 2020.2.2\bin;;C:\Program Files\MongoDB\Server\5.0\bin;;D:\Microsoft VS Code\bin;."/>
    <property name="java.vm.info" value="mixed mode, sharing"/>
    <property name="java.vendor" value="Oracle Corporation"/>
    <property name="java.vm.version" value="12.0.2+10"/>
    <property name="sun.io.unicode.encoding" value="UnicodeLittle"/>
    <property name="java.class.version" value="56.0"/>
  </properties>
  <testcase name="Divisible by three" classname="com.j2gsoft.tdd.FizzBuzzTest" time="0.004"/>
  <testcase name="Divisible by five" classname="com.j2gsoft.tdd.FizzBuzzTest" time="0.001"/>
  <testcase name="Divisible by three and five" classname="com.j2gsoft.tdd.FizzBuzzTest" time="0.004"/>
  <testcase name="Not Divisible by three and five" classname="com.j2gsoft.tdd.FizzBuzzTest" time="0.003"/>
  <testcase name="value=1, expected=1" classname="com.j2gsoft.tdd.FizzBuzzTest" time="0.039"/>
  <testcase name="value=2, expected=2" classname="com.j2gsoft.tdd.FizzBuzzTest" time="0.001"/>
  <testcase name="value=3, expected=Fizz" classname="com.j2gsoft.tdd.FizzBuzzTest" time="0.002"/>
  <testcase name="value=4, expected=4" classname="com.j2gsoft.tdd.FizzBuzzTest" time="0.002"/>
  <testcase name="value=5, expected=Buzz" classname="com.j2gsoft.tdd.FizzBuzzTest" time="0.002"/>
  <testcase name="value=6, expected=Fizz" classname="com.j2gsoft.tdd.FizzBuzzTest" time="0.001"/>
  <testcase name="value=7, expected=7" classname="com.j2gsoft.tdd.FizzBuzzTest" time="0.001"/>
  <testcase name="value=8, expected=8" classname="com.j2gsoft.tdd.FizzBuzzTest" time="0.002"/>
  <testcase name="value=9, expected=Fizz" classname="com.j2gsoft.tdd.FizzBuzzTest" time="0.002"/>
  <testcase name="value=10, expected=Buzz" classname="com.j2gsoft.tdd.FizzBuzzTest" time="0.002"/>
  <testcase name="value=11, expected=11" classname="com.j2gsoft.tdd.FizzBuzzTest" time="0.002"/>
  <testcase name="value=12, expected=Fizz" classname="com.j2gsoft.tdd.FizzBuzzTest" time="0.001"/>
  <testcase name="value=13, expected=13" classname="com.j2gsoft.tdd.FizzBuzzTest" time="0.002"/>
  <testcase name="value=14, expected=14" classname="com.j2gsoft.tdd.FizzBuzzTest" time="0.001"/>
  <testcase name="value=15, expected=FizzBuzz" classname="com.j2gsoft.tdd.FizzBuzzTest" time="0.001"/>
  <testcase name="value=16, expected=16" classname="com.j2gsoft.tdd.FizzBuzzTest" time="0.001"/>
  <testcase name="value=17, expected=17" classname="com.j2gsoft.tdd.FizzBuzzTest" time="0.001"/>
  <testcase name="value=18, expected=Fizz" classname="com.j2gsoft.tdd.FizzBuzzTest" time="0.002"/>
  <testcase name="value=19, expected=19" classname="com.j2gsoft.tdd.FizzBuzzTest" time="0.002"/>
  <testcase name="value=20, expected=Buzz" classname="com.j2gsoft.tdd.FizzBuzzTest" time="0.001"/>
  <testcase name="value=21, expected=Fizz" classname="com.j2gsoft.tdd.FizzBuzzTest" time="0.002"/>
  <testcase name="value=22, expected=22" classname="com.j2gsoft.tdd.FizzBuzzTest" time="0.001"/>
  <testcase name="value=23, expected=23" classname="com.j2gsoft.tdd.FizzBuzzTest" time="0.002"/>
  <testcase name="value=24, expected=Fizz" classname="com.j2gsoft.tdd.FizzBuzzTest" time="0.001"/>
  <testcase name="value=25, expected=Buzz" classname="com.j2gsoft.tdd.FizzBuzzTest" time="0.001"/>
  <testcase name="value=26, expected=26" classname="com.j2gsoft.tdd.FizzBuzzTest" time="0.001"/>
  <testcase name="value=27, expected=Fizz" classname="com.j2gsoft.tdd.FizzBuzzTest" time="0.001"/>
  <testcase name="value=28, expected=28" classname="com.j2gsoft.tdd.FizzBuzzTest" time="0.001"/>
  <testcase name="value=29, expected=29" classname="com.j2gsoft.tdd.FizzBuzzTest" time="0.002"/>
  <testcase name="value=30, expected=FizzBuzz" classname="com.j2gsoft.tdd.FizzBuzzTest" time="0.001"/>
  <testcase name="value=31, expected=31" classname="com.j2gsoft.tdd.FizzBuzzTest" time="0.002"/>
  <testcase name="value=32, expected=32" classname="com.j2gsoft.tdd.FizzBuzzTest" time="0.001"/>
  <testcase name="value=33, expected=Fizz" classname="com.j2gsoft.tdd.FizzBuzzTest" time="0.001"/>
  <testcase name="value=34, expected=34" classname="com.j2gsoft.tdd.FizzBuzzTest" time="0.001"/>
  <testcase name="value=35, expected=Buzz" classname="com.j2gsoft.tdd.FizzBuzzTest" time="0.001"/>
  <testcase name="value=36, expected=Fizz" classname="com.j2gsoft.tdd.FizzBuzzTest" time="0.001"/>
  <testcase name="value=37, expected=37" classname="com.j2gsoft.tdd.FizzBuzzTest" time="0.001"/>
  <testcase name="value=38, expected=38" classname="com.j2gsoft.tdd.FizzBuzzTest" time="0.001"/>
  <testcase name="value=39, expected=Fizz" classname="com.j2gsoft.tdd.FizzBuzzTest" time="0"/>
  <testcase name="value=40, expected=Buzz" classname="com.j2gsoft.tdd.FizzBuzzTest" time="0.001"/>
  <testcase name="value=41, expected=41" classname="com.j2gsoft.tdd.FizzBuzzTest" time="0.001"/>
  <testcase name="value=42, expected=Fizz" classname="com.j2gsoft.tdd.FizzBuzzTest" time="0"/>
  <testcase name="value=43, expected=43" classname="com.j2gsoft.tdd.FizzBuzzTest" time="0.001"/>
  <testcase name="value=44, expected=44" classname="com.j2gsoft.tdd.FizzBuzzTest" time="0.001"/>
  <testcase name="value=45, expected=FizzBuzz" classname="com.j2gsoft.tdd.FizzBuzzTest" time="0.001"/>
  <testcase name="value=46, expected=46" classname="com.j2gsoft.tdd.FizzBuzzTest" time="0.001"/>
  <testcase name="value=47, expected=47" classname="com.j2gsoft.tdd.FizzBuzzTest" time="0.001"/>
  <testcase name="value=48, expected=Fizz" classname="com.j2gsoft.tdd.FizzBuzzTest" time="0.001"/>
  <testcase name="value=49, expected=49" classname="com.j2gsoft.tdd.FizzBuzzTest" time="0.001"/>
  <testcase name="value=50, expected=Buzz" classname="com.j2gsoft.tdd.FizzBuzzTest" time="0.001"/>
  <testcase name="value=1, expected=1" classname="com.j2gsoft.tdd.FizzBuzzTest" time="0.001"/>
  <testcase name="value=2, expected=2" classname="com.j2gsoft.tdd.FizzBuzzTest" time="0.001"/>
  <testcase name="value=3, expected=Fizz" classname="com.j2gsoft.tdd.FizzBuzzTest" time="0.001"/>
  <testcase name="value=4, expected=4" classname="com.j2gsoft.tdd.FizzBuzzTest" time="0.001"/>
  <testcase name="value=5, expected=Buzz" classname="com.j2gsoft.tdd.FizzBuzzTest" time="0"/>
  <testcase name="value=7, expected=7" classname="com.j2gsoft.tdd.FizzBuzzTest" time="0"/>
  <testcase name="value=9, expected=Fizz" classname="com.j2gsoft.tdd.FizzBuzzTest" time="0.001"/>
  <testcase name="value=10, expected=Buzz" classname="com.j2gsoft.tdd.FizzBuzzTest" time="0.001"/>
  <testcase name="value=11, expected=11" classname="com.j2gsoft.tdd.FizzBuzzTest" time="0.001"/>
  <testcase name="value=12, expected=Fizz" classname="com.j2gsoft.tdd.FizzBuzzTest" time="0.001"/>
  <testcase name="value=13, expected=13" classname="com.j2gsoft.tdd.FizzBuzzTest" time="0.001"/>
  <testcase name="value=14, expected=14" classname="com.j2gsoft.tdd.FizzBuzzTest" time="0.001"/>
  <testcase name="value=15, expected=FizzBuzz" classname="com.j2gsoft.tdd.FizzBuzzTest" time="0.001"/>
  <testcase name="value=1, expected=1" classname="com.j2gsoft.tdd.FizzBuzzTest" time="0.003"/>
  <testcase name="value=2, expected=2" classname="com.j2gsoft.tdd.FizzBuzzTest" time="0"/>
  <testcase name="value=3, expected=Fizz" classname="com.j2gsoft.tdd.FizzBuzzTest" time="0.001"/>
  <testcase name="value=4, expected=4" classname="com.j2gsoft.tdd.FizzBuzzTest" time="0.001"/>
  <testcase name="value=5, expected=Buzz" classname="com.j2gsoft.tdd.FizzBuzzTest" time="0"/>
  <testcase name="value=6, expected=Fizz" classname="com.j2gsoft.tdd.FizzBuzzTest" time="0"/>
  <testcase name="value=7, expected=7" classname="com.j2gsoft.tdd.FizzBuzzTest" time="0.001"/>
  <testcase name="value=8, expected=8" classname="com.j2gsoft.tdd.FizzBuzzTest" time="0.001"/>
  <testcase name="value=9, expected=Fizz" classname="com.j2gsoft.tdd.FizzBuzzTest" time="0.001"/>
  <testcase name="value=10, expected=Buzz" classname="com.j2gsoft.tdd.FizzBuzzTest" time="0.001"/>
  <testcase name="value=11, expected=11" classname="com.j2gsoft.tdd.FizzBuzzTest" time="0.001"/>
  <testcase name="value=12, expected=Fizz" classname="com.j2gsoft.tdd.FizzBuzzTest" time="0.001"/>
  <testcase name="value=13, expected=13" classname="com.j2gsoft.tdd.FizzBuzzTest" time="0.001"/>
  <testcase name="value=14, expected=14" classname="com.j2gsoft.tdd.FizzBuzzTest" time="0.002"/>
  <testcase name="value=15, expected=FizzBuzz" classname="com.j2gsoft.tdd.FizzBuzzTest" time="0.001"/>
  <testcase name="value=16, expected=16" classname="com.j2gsoft.tdd.FizzBuzzTest" time="0.001"/>
  <testcase name="value=17, expected=17" classname="com.j2gsoft.tdd.FizzBuzzTest" time="0.001"/>
  <testcase name="value=18, expected=Fizz" classname="com.j2gsoft.tdd.FizzBuzzTest" time="0.001"/>
  <testcase name="value=19, expected=19" classname="com.j2gsoft.tdd.FizzBuzzTest" time="0.001"/>
  <testcase name="value=20, expected=Buzz" classname="com.j2gsoft.tdd.FizzBuzzTest" time="0.001"/>
  <testcase name="value=21, expected=Fizz" classname="com.j2gsoft.tdd.FizzBuzzTest" time="0.001"/>
  <testcase name="value=22, expected=22" classname="com.j2gsoft.tdd.FizzBuzzTest" time="0.001"/>
  <testcase name="value=23, expected=23" classname="com.j2gsoft.tdd.FizzBuzzTest" time="0.001"/>
  <testcase name="value=24, expected=Fizz" classname="com.j2gsoft.tdd.FizzBuzzTest" time="0.001"/>
  <testcase name="value=25, expected=Buzz" classname="com.j2gsoft.tdd.FizzBuzzTest" time="0.001"/>
  <testcase name="value=26, expected=26" classname="com.j2gsoft.tdd.FizzBuzzTest" time="0.001"/>
  <testcase name="value=27, expected=Fizz" classname="com.j2gsoft.tdd.FizzBuzzTest" time="0.001"/>
  <testcase name="value=28, expected=28" classname="com.j2gsoft.tdd.FizzBuzzTest" time="0.001"/>
  <testcase name="value=29, expected=29" classname="com.j2gsoft.tdd.FizzBuzzTest" time="0.001"/>
  <testcase name="value=30, expected=FizzBuzz" classname="com.j2gsoft.tdd.FizzBuzzTest" time="0.001"/>
  <testcase name="value=31, expected=31" classname="com.j2gsoft.tdd.FizzBuzzTest" time="0.001"/>
  <testcase name="value=32, expected=32" classname="com.j2gsoft.tdd.FizzBuzzTest" time="0.001"/>
  <testcase name="value=33, expected=Fizz" classname="com.j2gsoft.tdd.FizzBuzzTest" time="0.001"/>
  <testcase name="value=34, expected=34" classname="com.j2gsoft.tdd.FizzBuzzTest" time="0.001"/>
  <testcase name="value=35, expected=Buzz" classname="com.j2gsoft.tdd.FizzBuzzTest" time="0.001"/>
  <testcase name="value=36, expected=Fizz" classname="com.j2gsoft.tdd.FizzBuzzTest" time="0.002"/>
  <testcase name="value=37, expected=37" classname="com.j2gsoft.tdd.FizzBuzzTest" time="0.001"/>
  <testcase name="value=38, expected=38" classname="com.j2gsoft.tdd.FizzBuzzTest" time="0.001"/>
  <testcase name="value=39, expected=Fizz" classname="com.j2gsoft.tdd.FizzBuzzTest" time="0.001"/>
  <testcase name="value=40, expected=Buzz" classname="com.j2gsoft.tdd.FizzBuzzTest" time="0.001"/>
  <testcase name="value=41, expected=41" classname="com.j2gsoft.tdd.FizzBuzzTest" time="0.001"/>
  <testcase name="value=42, expected=Fizz" classname="com.j2gsoft.tdd.FizzBuzzTest" time="0.001"/>
  <testcase name="value=43, expected=43" classname="com.j2gsoft.tdd.FizzBuzzTest" time="0.001"/>
  <testcase name="value=44, expected=44" classname="com.j2gsoft.tdd.FizzBuzzTest" time="0.001"/>
  <testcase name="value=45, expected=FizzBuzz" classname="com.j2gsoft.tdd.FizzBuzzTest" time="0.001"/>
  <testcase name="value=46, expected=46" classname="com.j2gsoft.tdd.FizzBuzzTest" time="0.001"/>
  <testcase name="value=47, expected=47" classname="com.j2gsoft.tdd.FizzBuzzTest" time="0.001"/>
  <testcase name="value=48, expected=Fizz" classname="com.j2gsoft.tdd.FizzBuzzTest" time="0.001"/>
  <testcase name="value=49, expected=49" classname="com.j2gsoft.tdd.FizzBuzzTest" time="0.001"/>
  <testcase name="value=50, expected=Buzz" classname="com.j2gsoft.tdd.FizzBuzzTest" time="0.002"/>
  <testcase name="value=51, expected=Fizz" classname="com.j2gsoft.tdd.FizzBuzzTest" time="0.001"/>
  <testcase name="value=52, expected=52" classname="com.j2gsoft.tdd.FizzBuzzTest" time="0"/>
  <testcase name="value=53, expected=53" classname="com.j2gsoft.tdd.FizzBuzzTest" time="0.001"/>
  <testcase name="value=54, expected=Fizz" classname="com.j2gsoft.tdd.FizzBuzzTest" time="0.001"/>
  <testcase name="value=55, expected=Buzz" classname="com.j2gsoft.tdd.FizzBuzzTest" time="0"/>
  <testcase name="value=56, expected=56" classname="com.j2gsoft.tdd.FizzBuzzTest" time="0.001"/>
  <testcase name="value=57, expected=Fizz" classname="com.j2gsoft.tdd.FizzBuzzTest" time="0.001"/>
  <testcase name="value=58, expected=58" classname="com.j2gsoft.tdd.FizzBuzzTest" time="0"/>
  <testcase name="value=59, expected=59" classname="com.j2gsoft.tdd.FizzBuzzTest" time="0.001"/>
  <testcase name="value=60, expected=FizzBuzz" classname="com.j2gsoft.tdd.FizzBuzzTest" time="0.001"/>
  <testcase name="value=61, expected=61" classname="com.j2gsoft.tdd.FizzBuzzTest" time="0.001"/>
  <testcase name="value=62, expected=62" classname="com.j2gsoft.tdd.FizzBuzzTest" time="0.001"/>
  <testcase name="value=63, expected=Fizz" classname="com.j2gsoft.tdd.FizzBuzzTest" time="0.001"/>
  <testcase name="value=64, expected=64" classname="com.j2gsoft.tdd.FizzBuzzTest" time="0"/>
  <testcase name="value=65, expected=Buzz" classname="com.j2gsoft.tdd.FizzBuzzTest" time="0.001"/>
  <testcase name="value=66, expected=Fizz" classname="com.j2gsoft.tdd.FizzBuzzTest" time="0.001"/>
  <testcase name="value=67, expected=67" classname="com.j2gsoft.tdd.FizzBuzzTest" time="0.001"/>
  <testcase name="value=68, expected=68" classname="com.j2gsoft.tdd.FizzBuzzTest" time="0.001"/>
  <testcase name="value=69, expected=Fizz" classname="com.j2gsoft.tdd.FizzBuzzTest" time="0.001"/>
  <testcase name="value=70, expected=Buzz" classname="com.j2gsoft.tdd.FizzBuzzTest" time="0.001"/>
  <testcase name="value=71, expected=71" classname="com.j2gsoft.tdd.FizzBuzzTest" time="0.001"/>
  <testcase name="value=72, expected=Fizz" classname="com.j2gsoft.tdd.FizzBuzzTest" time="0.001"/>
  <testcase name="value=73, expected=73" classname="com.j2gsoft.tdd.FizzBuzzTest" time="0.001"/>
  <testcase name="value=74, expected=74" classname="com.j2gsoft.tdd.FizzBuzzTest" time="0.001"/>
  <testcase name="value=75, expected=FizzBuzz" classname="com.j2gsoft.tdd.FizzBuzzTest" time="0.001"/>
  <testcase name="value=76, expected=76" classname="com.j2gsoft.tdd.FizzBuzzTest" time="0"/>
  <testcase name="value=77, expected=77" classname="com.j2gsoft.tdd.FizzBuzzTest" time="0"/>
  <testcase name="value=78, expected=Fizz" classname="com.j2gsoft.tdd.FizzBuzzTest" time="0.001"/>
  <testcase name="value=79, expected=79" classname="com.j2gsoft.tdd.FizzBuzzTest" time="0"/>
  <testcase name="value=80, expected=Buzz" classname="com.j2gsoft.tdd.FizzBuzzTest" time="0"/>
  <testcase name="value=81, expected=Fizz" classname="com.j2gsoft.tdd.FizzBuzzTest" time="0.001"/>
  <testcase name="value=82, expected=82" classname="com.j2gsoft.tdd.FizzBuzzTest" time="0"/>
  <testcase name="value=83, expected=83" classname="com.j2gsoft.tdd.FizzBuzzTest" time="0.001"/>
  <testcase name="value=84, expected=Fizz" classname="com.j2gsoft.tdd.FizzBuzzTest" time="0.001"/>
  <testcase name="value=85, expected=Buzz" classname="com.j2gsoft.tdd.FizzBuzzTest" time="0"/>
  <testcase name="value=86, expected=86" classname="com.j2gsoft.tdd.FizzBuzzTest" time="0.001"/>
  <testcase name="value=87, expected=Fizz" classname="com.j2gsoft.tdd.FizzBuzzTest" time="0.002"/>
  <testcase name="value=88, expected=88" classname="com.j2gsoft.tdd.FizzBuzzTest" time="0.001"/>
  <testcase name="value=89, expected=89" classname="com.j2gsoft.tdd.FizzBuzzTest" time="0"/>
  <testcase name="value=90, expected=FizzBuzz" classname="com.j2gsoft.tdd.FizzBuzzTest" time="0.001"/>
  <testcase name="value=91, expected=91" classname="com.j2gsoft.tdd.FizzBuzzTest" time="0.001"/>
  <testcase name="value=92, expected=92" classname="com.j2gsoft.tdd.FizzBuzzTest" time="0.001"/>
  <testcase name="value=93, expected=Fizz" classname="com.j2gsoft.tdd.FizzBuzzTest" time="0"/>
  <testcase name="value=94, expected=94" classname="com.j2gsoft.tdd.FizzBuzzTest" time="0.001"/>
  <testcase name="value=95, expected=Buzz" classname="com.j2gsoft.tdd.FizzBuzzTest" time="0.001"/>
  <testcase name="value=96, expected=Fizz" classname="com.j2gsoft.tdd.FizzBuzzTest" time="0"/>
  <testcase name="value=97, expected=97" classname="com.j2gsoft.tdd.FizzBuzzTest" time="0.001"/>
  <testcase name="value=98, expected=98" classname="com.j2gsoft.tdd.FizzBuzzTest" time="0.001"/>
  <testcase name="value=99, expected=Fizz" classname="com.j2gsoft.tdd.FizzBuzzTest" time="0.001"/>
  <testcase name="value=100, expected=Buzz" classname="com.j2gsoft.tdd.FizzBuzzTest" time="0"/>
</testsuite>